2021-03-06 04:51:53/./uploads/[Krutor.Net]_HTML academy.torrent/20619
2021-03-06 04:51:53/./uploads/[rutracker.org].t5047529.torrent/40194
2021-03-06 04:51:53/./uploads/_krt_5.1.0.37.exe.torrent/3506

2021-03-06 04:51:54/./uploads/[Krutor.Net]_HTML academy.torrent/20619
2021-03-06 04:51:54/./uploads/[rutracker.org].t5047529.torrent/40194
2021-03-06 04:51:54/./uploads/_krt_5.1.0.37.exe.torrent/3506

2021-03-06 04:54:15/[Krutor.Net]_HTML academy.torrent/20619
2021-03-06 04:54:15/[rutracker.org].t5047529.torrent/40194
2021-03-06 04:54:15/_krt_5.1.0.37.exe.torrent/3506

2021-03-06 05:17:10/[Krutor.Net]_HTML academy.torrent/20619
2021-03-06 05:17:10/[rutracker.org].t5047529.torrent/40194

2021-03-06 05:17:10/_krt_5.1.0.37.exe.torrent/3506
2021-03-06 05:18:38/[Krutor.Net]_HTML academy.torrent/20619
2021-03-06 05:18:38/[rutracker.org].t5047529.torrent/40194

2021-03-06 05:18:38/_krt_5.1.0.37.exe.torrent/3506
2021-03-06 05:19:37/[Krutor.Net]_HTML academy.torrent/20619
2021-03-06 05:19:37/[rutracker.org].t5047529.torrent/40194
2021-03-06 05:19:37/_krt_5.1.0.37.exe.torrent/3506

2021-03-08 03:59:18/[Krutor.Net]_HTML academy.torrent/20619
2021-03-08 03:59:18/[rutracker.org].t5047529.torrent/40194
2021-03-08 03:59:18/_krt_5.1.0.37.exe.torrent/3506

